This file contains any messages produced by compilers while
running configure, to aid debugging if configure makes a mistake.

It was created by Samtools configure 1.21, which was
generated by GNU Autoconf 2.72.  Invocation command line was

  $ ./configure --prefix=/project/stuckert/jvnguy45/anolis_fpp/samtools-1.21

## --------- ##
## Platform. ##
## --------- ##

hostname = opuntia.rcdc.uh.edu
uname -m = x86_64
uname -r = 4.18.0-553.16.1.el8_10.x86_64
uname -s = Linux
uname -v = #1 SMP Thu Aug 1 04:16:12 EDT 2024

/usr/bin/uname -p = x86_64
/bin/uname -X     = unknown

/bin/arch              = x86_64
/usr/bin/arch -k       = unknown
/usr/convex/getsysinfo = unknown
/usr/bin/hostinfo      = unknown
/bin/machine           = unknown
/usr/bin/oslevel       = unknown
/bin/universe          = unknown

PATH: /project/stuckert/jvnguy45/.local/bin/
PATH: /project/stuckert/jvnguy45/bin/
PATH: /usr/local/bin/
PATH: /usr/bin/
PATH: /usr/local/sbin/
PATH: /usr/sbin/
PATH: /opt/slurm/bin/
PATH: /opt/slurm/sbin/
PATH: /share/apps/sbalance-1.2.2/bin/
PATH: /usr/bin/bcftools-1.21/
PATH: /usr/bin/samtools-1.21/
PATH: /usr/bin/bcftools-1.21/
PATH: /usr/bin/plink-1.07-mac-intel/


## ----------- ##
## Core tests. ##
## ----------- ##

configure:2537: checking for gawk
configure:2558: found /usr/bin/gawk
configure:2570: result: gawk
configure:2644: checking for gcc
configure:2665: found /usr/bin/gcc
configure:2677: result: gcc
configure:3036: checking for C compiler version
configure:3045: gcc --version >&5
gcc (GCC) 8.5.0 20210514 (Red Hat 8.5.0-22)
Copyright (C) 2018 Free Software Foundation, Inc.
This is free software; see the source for copying conditions.  There is NO
warranty; not even for MERCHANTABILITY or FITNESS FOR A PARTICULAR PURPOSE.

configure:3056: $? = 0
configure:3045: gcc -v >&5
Using built-in specs.
COLLECT_GCC=gcc
COLLECT_LTO_WRAPPER=/usr/libexec/gcc/x86_64-redhat-linux/8/lto-wrapper
OFFLOAD_TARGET_NAMES=nvptx-none
OFFLOAD_TARGET_DEFAULT=1
Target: x86_64-redhat-linux
Configured with: ../configure --enable-bootstrap --enable-languages=c,c++,fortran,lto --prefix=/usr --mandir=/usr/share/man --infodir=/usr/share/info --with-bugurl=http://bugzilla.redhat.com/bugzilla --enable-shared --enable-threads=posix --enable-checking=release --enable-multilib --with-system-zlib --enable-__cxa_atexit --disable-libunwind-exceptions --enable-gnu-unique-object --enable-linker-build-id --with-gcc-major-version-only --with-linker-hash-style=gnu --enable-plugin --enable-initfini-array --with-isl --disable-libmpx --enable-offload-targets=nvptx-none --without-cuda-driver --enable-gnu-indirect-function --enable-cet --with-tune=generic --with-arch_32=x86-64 --build=x86_64-redhat-linux
Thread model: posix
gcc version 8.5.0 20210514 (Red Hat 8.5.0-22) (GCC) 
configure:3056: $? = 0
configure:3045: gcc -V >&5
gcc: error: unrecognized command line option '-V'
gcc: fatal error: no input files
compilation terminated.
configure:3056: $? = 1
configure:3045: gcc -qversion >&5
gcc: error: unrecognized command line option '-qversion'; did you mean '--version'?
gcc: fatal error: no input files
compilation terminated.
configure:3056: $? = 1
configure:3045: gcc -version >&5
gcc: error: unrecognized command line option '-version'
gcc: fatal error: no input files
compilation terminated.
configure:3056: $? = 1
configure:3076: checking whether the C compiler works
configure:3098: gcc    conftest.c  >&5
configure:3102: $? = 0
configure:3153: result: yes
configure:3157: checking for C compiler default output file name
configure:3159: result: a.out
configure:3165: checking for suffix of executables
configure:3172: gcc -o conftest    conftest.c  >&5
configure:3176: $? = 0
configure:3200: result: 
configure:3224: checking whether we are cross compiling
configure:3232: gcc -o conftest    conftest.c  >&5
configure:3236: $? = 0
configure:3243: ./conftest
configure:3247: $? = 0
configure:3262: result: no
configure:3268: checking for suffix of object files
configure:3291: gcc -c   conftest.c >&5
configure:3295: $? = 0
configure:3319: result: o
configure:3323: checking whether the compiler supports GNU C
configure:3343: gcc -c   conftest.c >&5
configure:3343: $? = 0
configure:3355: result: yes
configure:3366: checking whether gcc accepts -g
configure:3387: gcc -c -g  conftest.c >&5
configure:3387: $? = 0
configure:3434: result: yes
configure:3454: checking for gcc option to enable C11 features
configure:3469: gcc  -c -g -O2  conftest.c >&5
configure:3469: $? = 0
configure:3488: result: none needed
configure:3607: checking for grep that handles long lines and -e
configure:3673: result: /usr/bin/grep
configure:3703: checking for C compiler warning flags
configure:3844: result: -Wall
configure:3951: checking for gcc option to enable large file support
configure:3986: gcc -c  -Wall -g -O2  conftest.c >&5
configure:3986: $? = 0
configure:3992: gcc -DFTYPE=ino_t -c  -Wall -g -O2  conftest.c >&5
configure:3992: $? = 0
configure:4017: result: none needed
configure:4144: checking location of HTSlib source tree
configure:4165: result: htslib-1.21
configure:4430: checking for NcursesW wide-character library
configure:4458: gcc -o conftest  -Wall -g -O2   conftest.c  -lncursesw >&5
configure:4458: $? = 0
configure:4470: result: yes
configure:4486: checking for working ncursesw/curses.h
configure:4520: gcc -o conftest  -Wall -g -O2   conftest.c  -lncursesw >&5
conftest.c: In function 'main':
conftest.c:24:21: warning: unused variable 'h' [-Wunused-variable]
                 int h = getcurx(stdscr) + getmaxx(stdscr);
                     ^
conftest.c:23:21: warning: unused variable 'g' [-Wunused-variable]
                 int g = getattrs(stdscr);
                     ^
conftest.c:21:25: warning: unused variable 'e' [-Wunused-variable]
                 cchar_t e;
                         ^
conftest.c:19:24: warning: unused variable 'c' [-Wunused-variable]
                 chtype c = COLOR_PAIR(1) & A_COLOR;
                        ^
conftest.c:18:21: warning: unused variable 'b' [-Wunused-variable]
                 int b = KEY_LEFT;
                     ^
conftest.c:17:24: warning: unused variable 'a' [-Wunused-variable]
                 chtype a = A_BOLD;
                        ^
configure:4520: $? = 0
configure:4532: result: yes
configure:5315: checking for library containing cbreak
configure:5351: gcc -o conftest  -Wall -g -O2   conftest.c  -lncursesw >&5
configure:5351: $? = 0
configure:5373: result: none required
configure:5430: checking for zlib.h
configure:5430: gcc -c  -Wall -g -O2  conftest.c >&5
configure:5430: $? = 0
configure:5430: result: yes
configure:5440: checking for inflate in -lz
configure:5469: gcc -o conftest  -Wall -g -O2   conftest.c -lz   >&5
configure:5469: $? = 0
configure:5481: result: yes
configure:5507: checking for library containing regcomp
configure:5543: gcc -o conftest  -Wall -g -O2   conftest.c  >&5
configure:5543: $? = 0
configure:5565: result: none required
configure:5715: creating ./config.status

## ---------------------- ##
## Running config.status. ##
## ---------------------- ##

This file was extended by Samtools config.status 1.21, which was
generated by GNU Autoconf 2.72.  Invocation command line was

  CONFIG_FILES    = 
  CONFIG_HEADERS  = 
  CONFIG_LINKS    = 
  CONFIG_COMMANDS = 
  $ ./config.status 

on opuntia.rcdc.uh.edu

config.status:799: creating config.mk
config.status:799: creating config.h
configure:6939: === configuring in htslib-1.21 (/project/stuckert/jvnguy45/anolis_fpp/samtools-1.21/htslib-1.21)
configure:7000: running /bin/sh ./configure --disable-option-checking '--prefix=/project/stuckert/jvnguy45/anolis_fpp/samtools-1.21'  --cache-file=/dev/null --srcdir=.

## ---------------- ##
## Cache variables. ##
## ---------------- ##

ac_cv_c_compiler_gnu=yes
ac_cv_env_CC_set=
ac_cv_env_CC_value=
ac_cv_env_CFLAGS_set=
ac_cv_env_CFLAGS_value=
ac_cv_env_CPPFLAGS_set=
ac_cv_env_CPPFLAGS_value=
ac_cv_env_CURSES_LIB_set=
ac_cv_env_CURSES_LIB_value=
ac_cv_env_LDFLAGS_set=
ac_cv_env_LDFLAGS_value=
ac_cv_env_LIBS_set=
ac_cv_env_LIBS_value=
ac_cv_env_build_alias_set=
ac_cv_env_build_alias_value=
ac_cv_env_host_alias_set=
ac_cv_env_host_alias_value=
ac_cv_env_target_alias_set=
ac_cv_env_target_alias_value=
ac_cv_header_zlib_h=yes
ac_cv_lib_z_inflate=yes
ac_cv_objext=o
ac_cv_path_GREP=/usr/bin/grep
ac_cv_prog_AWK=gawk
ac_cv_prog_ac_ct_CC=gcc
ac_cv_prog_cc_c11=
ac_cv_prog_cc_g=yes
ac_cv_prog_cc_stdc=
ac_cv_search_cbreak='none required'
ac_cv_search_regcomp='none required'
ac_cv_sys_largefile_opts='none needed'
ax_cv_curses=yes
ax_cv_curses_color=yes
ax_cv_curses_enhanced=yes
ax_cv_curses_obsolete=yes
ax_cv_curses_which=ncursesw
ax_cv_header_ncursesw_curses_h=yes
ax_cv_htslib=yes
ax_cv_htslib_which=source
ax_cv_ncursesw=yes
hts_cv_prog_cc_warnings=-Wall

## ----------------- ##
## Output variables. ##
## ----------------- ##

AWK='gawk'
CC='gcc'
CFLAGS=' -Wall -g -O2'
CPPFLAGS=''
CURSES_LIB='-lncursesw'
DEFS='-DHAVE_CONFIG_H'
ECHO_C=''
ECHO_N='-n'
ECHO_T=''
EXEEXT=''
GREP='/usr/bin/grep'
HTSDIR='htslib-1.21'
HTSLIB_CPPFLAGS='-Ihtslib-1.21'
HTSLIB_LDFLAGS='-Lhtslib-1.21'
Hinstall='#'
Hsource=''
LDFLAGS=''
LIBOBJS=''
LIBS=''
LTLIBOBJS=''
OBJEXT='o'
PACKAGE_BUGREPORT='samtools-help@lists.sourceforge.net'
PACKAGE_NAME='Samtools'
PACKAGE_STRING='Samtools 1.21'
PACKAGE_TARNAME='samtools'
PACKAGE_URL='http://www.htslib.org/'
PACKAGE_VERSION='1.21'
PATH_SEPARATOR=':'
SHELL='/bin/sh'
ac_ct_CC='gcc'
bindir='${exec_prefix}/bin'
build_alias=''
datadir='${datarootdir}'
datarootdir='${prefix}/share'
docdir='${datarootdir}/doc/${PACKAGE_TARNAME}'
dvidir='${docdir}'
exec_prefix='${prefix}'
host_alias='unknown-Linux'
htmldir='${docdir}'
includedir='${prefix}/include'
infodir='${datarootdir}/info'
libdir='${exec_prefix}/lib'
libexecdir='${exec_prefix}/libexec'
localedir='${datarootdir}/locale'
localstatedir='${prefix}/var'
mandir='${datarootdir}/man'
oldincludedir='/usr/include'
pdfdir='${docdir}'
prefix='/project/stuckert/jvnguy45/anolis_fpp/samtools-1.21'
program_transform_name='s,x,x,'
psdir='${docdir}'
runstatedir='${localstatedir}/run'
sbindir='${exec_prefix}/sbin'
sharedstatedir='${prefix}/com'
subdirs=' htslib-1.21'
sysconfdir='${prefix}/etc'
target_alias=''

## ----------- ##
## confdefs.h. ##
## ----------- ##

/* confdefs.h */
#define PACKAGE_NAME "Samtools"
#define PACKAGE_TARNAME "samtools"
#define PACKAGE_VERSION "1.21"
#define PACKAGE_STRING "Samtools 1.21"
#define PACKAGE_BUGREPORT "samtools-help@lists.sourceforge.net"
#define PACKAGE_URL "http://www.htslib.org/"
#define HAVE_NCURSESW_CURSES_H 1
#define HAVE_NCURSESW 1
#define HAVE_CURSES 1
#define HAVE_CURSES_ENHANCED 1
#define HAVE_CURSES_COLOR 1
#define HAVE_CURSES_OBSOLETE 1
#define HAVE_LIBZ 1

configure: exit 0
