PLINK v2.00a2.3LM 64-bit Intel (24 Jan 2020)
Options in effect:
  --allow-extra-chr
  --glm
  --memory 60000
  --out /project/stuckert/jvnguy45/anolis_fpp/processed_data/glm/association
  --pfile /project/stuckert/jvnguy45/anolis_fpp/processed_data/glm/anolisplink
  --pheno /project/stuckert/jvnguy45/anolis_fpp/raw_data/phenotype.phe
  --pheno-name Phenotype
  --threads 20

Hostname: compute-0-31.local
Working directory: /project/stuckert/jvnguy45/anolis_fpp/scripts
Start time: Thu Nov 14 22:16:14 2024

Random number seed: 1731644174
64095 MiB RAM detected; reserving 60000 MiB for main workspace.
Using up to 20 threads (change this with --threads).
20 samples (0 females, 0 males, 20 ambiguous; 20 founders) loaded from
/project/stuckert/jvnguy45/anolis_fpp/processed_data/glm/anolisplink.psam.
29 variants loaded from
/project/stuckert/jvnguy45/anolis_fpp/processed_data/glm/anolisplink.pvar.
1 binary phenotype loaded (10 cases, 10 controls).
Calculating allele frequencies... done.
Warning: --glm remaining control count is less than 10x predictor count for
phenotype 'Phenotype'.
--glm logistic regression on phenotype 'Phenotype': done.
Results written to /project/stuckert/jvnguy45/anolis_fpp/processed_data/glm/association.Phenotype.glm.logistic .

End time: Thu Nov 14 22:16:14 2024
