This file contains any messages produced by compilers while
running configure, to aid debugging if configure makes a mistake.

It was created by HTSlib configure 1.21, which was
generated by GNU Autoconf 2.72.  Invocation command line was

  $ ./configure --disable-option-checking --prefix=/project/stuckert/jvnguy45/anolis_fpp/bcftools-1.21 --cache-file=/dev/null --srcdir=.

## --------- ##
## Platform. ##
## --------- ##

hostname = opuntia.rcdc.uh.edu
uname -m = x86_64
uname -r = 4.18.0-553.16.1.el8_10.x86_64
uname -s = Linux
uname -v = #1 SMP Thu Aug 1 04:16:12 EDT 2024

/usr/bin/uname -p = x86_64
/bin/uname -X     = unknown

/bin/arch              = x86_64
/usr/bin/arch -k       = unknown
/usr/convex/getsysinfo = unknown
/usr/bin/hostinfo      = unknown
/bin/machine           = unknown
/usr/bin/oslevel       = unknown
/bin/universe          = unknown

PATH: /project/stuckert/jvnguy45/.local/bin/
PATH: /project/stuckert/jvnguy45/bin/
PATH: /usr/local/bin/
PATH: /usr/bin/
PATH: /usr/local/sbin/
PATH: /usr/sbin/
PATH: /opt/slurm/bin/
PATH: /opt/slurm/sbin/
PATH: /share/apps/sbalance-1.2.2/bin/
PATH: /usr/bin/bcftools-1.21/
PATH: /usr/bin/samtools-1.21/
PATH: /usr/bin/bcftools-1.21/
PATH: /usr/bin/plink-1.07-mac-intel/
PATH: /usr/bin/samtools-1.21/


## ----------- ##
## Core tests. ##
## ----------- ##

configure:2436: looking for aux files: config.guess config.sub
configure:2449:  trying ./
configure:2478:   ./config.guess found
configure:2478:   ./config.sub found
configure:2750: checking for gcc
configure:2771: found /usr/bin/gcc
configure:2783: result: gcc
configure:3142: checking for C compiler version
configure:3151: gcc --version >&5
gcc (GCC) 8.5.0 20210514 (Red Hat 8.5.0-22)
Copyright (C) 2018 Free Software Foundation, Inc.
This is free software; see the source for copying conditions.  There is NO
warranty; not even for MERCHANTABILITY or FITNESS FOR A PARTICULAR PURPOSE.

configure:3162: $? = 0
configure:3151: gcc -v >&5
Using built-in specs.
COLLECT_GCC=gcc
COLLECT_LTO_WRAPPER=/usr/libexec/gcc/x86_64-redhat-linux/8/lto-wrapper
OFFLOAD_TARGET_NAMES=nvptx-none
OFFLOAD_TARGET_DEFAULT=1
Target: x86_64-redhat-linux
Configured with: ../configure --enable-bootstrap --enable-languages=c,c++,fortran,lto --prefix=/usr --mandir=/usr/share/man --infodir=/usr/share/info --with-bugurl=http://bugzilla.redhat.com/bugzilla --enable-shared --enable-threads=posix --enable-checking=release --enable-multilib --with-system-zlib --enable-__cxa_atexit --disable-libunwind-exceptions --enable-gnu-unique-object --enable-linker-build-id --with-gcc-major-version-only --with-linker-hash-style=gnu --enable-plugin --enable-initfini-array --with-isl --disable-libmpx --enable-offload-targets=nvptx-none --without-cuda-driver --enable-gnu-indirect-function --enable-cet --with-tune=generic --with-arch_32=x86-64 --build=x86_64-redhat-linux
Thread model: posix
gcc version 8.5.0 20210514 (Red Hat 8.5.0-22) (GCC) 
configure:3162: $? = 0
configure:3151: gcc -V >&5
gcc: error: unrecognized command line option '-V'
gcc: fatal error: no input files
compilation terminated.
configure:3162: $? = 1
configure:3151: gcc -qversion >&5
gcc: error: unrecognized command line option '-qversion'; did you mean '--version'?
gcc: fatal error: no input files
compilation terminated.
configure:3162: $? = 1
configure:3151: gcc -version >&5
gcc: error: unrecognized command line option '-version'
gcc: fatal error: no input files
compilation terminated.
configure:3162: $? = 1
configure:3182: checking whether the C compiler works
configure:3204: gcc    conftest.c  >&5
configure:3208: $? = 0
configure:3259: result: yes
configure:3263: checking for C compiler default output file name
configure:3265: result: a.out
configure:3271: checking for suffix of executables
configure:3278: gcc -o conftest    conftest.c  >&5
configure:3282: $? = 0
configure:3306: result: 
configure:3330: checking whether we are cross compiling
configure:3338: gcc -o conftest    conftest.c  >&5
configure:3342: $? = 0
configure:3349: ./conftest
configure:3353: $? = 0
configure:3368: result: no
configure:3374: checking for suffix of object files
configure:3397: gcc -c   conftest.c >&5
configure:3401: $? = 0
configure:3425: result: o
configure:3429: checking whether the compiler supports GNU C
configure:3449: gcc -c   conftest.c >&5
configure:3449: $? = 0
configure:3461: result: yes
configure:3472: checking whether gcc accepts -g
configure:3493: gcc -c -g  conftest.c >&5
configure:3493: $? = 0
configure:3540: result: yes
configure:3560: checking for gcc option to enable C11 features
configure:3575: gcc  -c -g -O2  conftest.c >&5
configure:3575: $? = 0
configure:3594: result: none needed
configure:3761: checking for ranlib
configure:3782: found /usr/bin/ranlib
configure:3794: result: ranlib
configure:3817: checking for grep that handles long lines and -e
configure:3883: result: /usr/bin/grep
configure:3913: checking for C compiler warning flags
configure:4055: result: -Wall
configure:4164: checking for gcc options needed to detect all undeclared functions
configure:4186: gcc -c  -Wall -g -O2   conftest.c >&5
conftest.c: In function 'main':
conftest.c:13:8: error: 'strchr' undeclared (first use in this function)
 (void) strchr;
        ^~~~~~
conftest.c:13:8: note: 'strchr' is defined in header '<string.h>'; did you forget to '#include <string.h>'?
conftest.c:1:1:
 /* confdefs.h */
conftest.c:13:8:
 (void) strchr;
        ^~~~~~
conftest.c:13:8: note: each undeclared identifier is reported only once for each function it appears in
configure:4186: $? = 1
configure: failed program was:
| /* confdefs.h */
| #define PACKAGE_NAME "HTSlib"
| #define PACKAGE_TARNAME "htslib"
| #define PACKAGE_VERSION "1.21"
| #define PACKAGE_STRING "HTSlib 1.21"
| #define PACKAGE_BUGREPORT "samtools-help@lists.sourceforge.net"
| #define PACKAGE_URL "http://www.htslib.org/"
| /* end confdefs.h.  */
| 
| int
| main (void)
| {
| (void) strchr;
|   ;
|   return 0;
| }
configure:4213: gcc -c  -Wall -g -O2   conftest.c >&5
configure:4213: $? = 0
configure:4233: result: none needed
configure:4251: checking for stdio.h
configure:4251: gcc -c  -Wall -g -O2  conftest.c >&5
configure:4251: $? = 0
configure:4251: result: yes
configure:4251: checking for stdlib.h
configure:4251: gcc -c  -Wall -g -O2  conftest.c >&5
configure:4251: $? = 0
configure:4251: result: yes
configure:4251: checking for string.h
configure:4251: gcc -c  -Wall -g -O2  conftest.c >&5
configure:4251: $? = 0
configure:4251: result: yes
configure:4251: checking for inttypes.h
configure:4251: gcc -c  -Wall -g -O2  conftest.c >&5
configure:4251: $? = 0
configure:4251: result: yes
configure:4251: checking for stdint.h
configure:4251: gcc -c  -Wall -g -O2  conftest.c >&5
configure:4251: $? = 0
configure:4251: result: yes
configure:4251: checking for strings.h
configure:4251: gcc -c  -Wall -g -O2  conftest.c >&5
configure:4251: $? = 0
configure:4251: result: yes
configure:4251: checking for sys/stat.h
configure:4251: gcc -c  -Wall -g -O2  conftest.c >&5
configure:4251: $? = 0
configure:4251: result: yes
configure:4251: checking for sys/types.h
configure:4251: gcc -c  -Wall -g -O2  conftest.c >&5
configure:4251: $? = 0
configure:4251: result: yes
configure:4251: checking for unistd.h
configure:4251: gcc -c  -Wall -g -O2  conftest.c >&5
configure:4251: $? = 0
configure:4251: result: yes
configure:4251: checking for sys/param.h
configure:4251: gcc -c  -Wall -g -O2  conftest.c >&5
configure:4251: $? = 0
configure:4251: result: yes
configure:4276: checking whether _XOPEN_SOURCE is declared
configure:4276: gcc -c  -Wall -g -O2   conftest.c >&5
conftest.c: In function 'main':
conftest.c:55:10: error: '_XOPEN_SOURCE' undeclared (first use in this function); did you mean '_SC_XOPEN_LEGACY'?
   (void) _XOPEN_SOURCE;
          ^~~~~~~~~~~~~
          _SC_XOPEN_LEGACY
conftest.c:55:10: note: each undeclared identifier is reported only once for each function it appears in
configure:4276: $? = 1
configure: failed program was:
| /* confdefs.h */
| #define PACKAGE_NAME "HTSlib"
| #define PACKAGE_TARNAME "htslib"
| #define PACKAGE_VERSION "1.21"
| #define PACKAGE_STRING "HTSlib 1.21"
| #define PACKAGE_BUGREPORT "samtools-help@lists.sourceforge.net"
| #define PACKAGE_URL "http://www.htslib.org/"
| #define HAVE_STDIO_H 1
| #define HAVE_STDLIB_H 1
| #define HAVE_STRING_H 1
| #define HAVE_INTTYPES_H 1
| #define HAVE_STDINT_H 1
| #define HAVE_STRINGS_H 1
| #define HAVE_SYS_STAT_H 1
| #define HAVE_SYS_TYPES_H 1
| #define HAVE_UNISTD_H 1
| #define HAVE_SYS_PARAM_H 1
| #define STDC_HEADERS 1
| /* end confdefs.h.  */
| #include <stddef.h>
| #ifdef HAVE_STDIO_H
| # include <stdio.h>
| #endif
| #ifdef HAVE_STDLIB_H
| # include <stdlib.h>
| #endif
| #ifdef HAVE_STRING_H
| # include <string.h>
| #endif
| #ifdef HAVE_INTTYPES_H
| # include <inttypes.h>
| #endif
| #ifdef HAVE_STDINT_H
| # include <stdint.h>
| #endif
| #ifdef HAVE_STRINGS_H
| # include <strings.h>
| #endif
| #ifdef HAVE_SYS_TYPES_H
| # include <sys/types.h>
| #endif
| #ifdef HAVE_SYS_STAT_H
| # include <sys/stat.h>
| #endif
| #ifdef HAVE_UNISTD_H
| # include <unistd.h>
| #endif
| int
| main (void)
| {
| #ifndef _XOPEN_SOURCE
| #ifdef __cplusplus
|   (void) _XOPEN_SOURCE;
| #else
|   (void) _XOPEN_SOURCE;
| #endif
| #endif
| 
|   ;
|   return 0;
| }
configure:4276: result: no
configure:4287: checking whether __get_cpuid_max is declared
configure:4287: gcc -c  -Wall -g -O2   conftest.c >&5
configure:4287: $? = 0
configure:4287: result: yes
configure:4308: checking whether __cpuid_count is declared
configure:4308: gcc -c  -Wall -g -O2   conftest.c >&5
configure:4308: $? = 0
configure:4308: result: yes
configure:4334: checking C compiler flags needed for sse4.1
configure:4362: gcc -o conftest  -Wall -g -O2   conftest.c  >&5
In file included from /usr/lib/gcc/x86_64-redhat-linux/8/include/smmintrin.h:811,
                 from /usr/lib/gcc/x86_64-redhat-linux/8/include/x86intrin.h:43,
                 from conftest.c:25:
conftest.c: In function 'main':
/usr/lib/gcc/x86_64-redhat-linux/8/include/popcntintrin.h:35:1: error: inlining failed in call to always_inline '_mm_popcnt_u32': target specific option mismatch
 _mm_popcnt_u32 (unsigned int __X)
 ^~~~~~~~~~~~~~
conftest.c:35:12: note: called from here
     return _mm_popcnt_u32(*((char *) &c));
            ^~~~~~~~~~~~~~~~~~~~~~~~~~~~~~
In file included from /usr/lib/gcc/x86_64-redhat-linux/8/include/x86intrin.h:39,
                 from conftest.c:25:
/usr/lib/gcc/x86_64-redhat-linux/8/include/tmmintrin.h:136:1: error: inlining failed in call to always_inline '_mm_shuffle_epi8': target specific option mismatch
 _mm_shuffle_epi8 (__m128i __X, __m128i __Y)
 ^~~~~~~~~~~~~~~~
conftest.c:34:17: note: called from here
     __m128i c = _mm_shuffle_epi8(_mm_max_epu32(a, b), b);
                 ^~~~~~~~~~~~~~~~~~~~~~~~~~~~~~~~~~~~~~~~
In file included from /usr/lib/gcc/x86_64-redhat-linux/8/include/x86intrin.h:43,
                 from conftest.c:25:
/usr/lib/gcc/x86_64-redhat-linux/8/include/smmintrin.h:318:1: error: inlining failed in call to always_inline '_mm_max_epu32': target specific option mismatch
 _mm_max_epu32 (__m128i __X, __m128i __Y)
 ^~~~~~~~~~~~~
conftest.c:34:17: note: called from here
     __m128i c = _mm_shuffle_epi8(_mm_max_epu32(a, b), b);
                 ^~~~~~~~~~~~~~~~~~~~~~~~~~~~~~~~~~~~~~~~
In file included from /usr/lib/gcc/x86_64-redhat-linux/8/include/smmintrin.h:811,
                 from /usr/lib/gcc/x86_64-redhat-linux/8/include/x86intrin.h:43,
                 from conftest.c:25:
/usr/lib/gcc/x86_64-redhat-linux/8/include/popcntintrin.h:35:1: error: inlining failed in call to always_inline '_mm_popcnt_u32': target specific option mismatch
 _mm_popcnt_u32 (unsigned int __X)
 ^~~~~~~~~~~~~~
conftest.c:35:12: note: called from here
     return _mm_popcnt_u32(*((char *) &c));
            ^~~~~~~~~~~~~~~~~~~~~~~~~~~~~~
In file included from /usr/lib/gcc/x86_64-redhat-linux/8/include/x86intrin.h:39,
                 from conftest.c:25:
/usr/lib/gcc/x86_64-redhat-linux/8/include/tmmintrin.h:136:1: error: inlining failed in call to always_inline '_mm_shuffle_epi8': target specific option mismatch
 _mm_shuffle_epi8 (__m128i __X, __m128i __Y)
 ^~~~~~~~~~~~~~~~
conftest.c:34:17: note: called from here
     __m128i c = _mm_shuffle_epi8(_mm_max_epu32(a, b), b);
                 ^~~~~~~~~~~~~~~~~~~~~~~~~~~~~~~~~~~~~~~~
In file included from /usr/lib/gcc/x86_64-redhat-linux/8/include/x86intrin.h:43,
                 from conftest.c:25:
/usr/lib/gcc/x86_64-redhat-linux/8/include/smmintrin.h:318:1: error: inlining failed in call to always_inline '_mm_max_epu32': target specific option mismatch
 _mm_max_epu32 (__m128i __X, __m128i __Y)
 ^~~~~~~~~~~~~
conftest.c:34:17: note: called from here
     __m128i c = _mm_shuffle_epi8(_mm_max_epu32(a, b), b);
                 ^~~~~~~~~~~~~~~~~~~~~~~~~~~~~~~~~~~~~~~~
configure:4362: $? = 1
configure: failed program was:
| /* confdefs.h */
| #define PACKAGE_NAME "HTSlib"
| #define PACKAGE_TARNAME "htslib"
| #define PACKAGE_VERSION "1.21"
| #define PACKAGE_STRING "HTSlib 1.21"
| #define PACKAGE_BUGREPORT "samtools-help@lists.sourceforge.net"
| #define PACKAGE_URL "http://www.htslib.org/"
| #define HAVE_STDIO_H 1
| #define HAVE_STDLIB_H 1
| #define HAVE_STRING_H 1
| #define HAVE_INTTYPES_H 1
| #define HAVE_STDINT_H 1
| #define HAVE_STRINGS_H 1
| #define HAVE_SYS_STAT_H 1
| #define HAVE_SYS_TYPES_H 1
| #define HAVE_UNISTD_H 1
| #define HAVE_SYS_PARAM_H 1
| #define STDC_HEADERS 1
| #define _XOPEN_SOURCE 600
| #define HAVE_DECL___GET_CPUID_MAX 1
| #define HAVE_DECL___CPUID_COUNT 1
| /* end confdefs.h.  */
| 
|     #ifdef __x86_64__
|     #include "x86intrin.h"
|     #endif
| 
| int
| main (void)
| {
| 
|     #ifdef __x86_64__
|     __m128i a = _mm_set_epi32(1, 2, 3, 4), b = _mm_set_epi32(4, 3, 2, 1);
|     __m128i c = _mm_shuffle_epi8(_mm_max_epu32(a, b), b);
|     return _mm_popcnt_u32(*((char *) &c));
|     #endif
| 
|   ;
|   return 0;
| }
configure:4389: gcc -o conftest  -Wall -g -O2  -msse4.1 -mssse3 -mpopcnt   conftest.c  >&5
configure:4389: $? = 0
configure:4405: result: -msse4.1 -mssse3 -mpopcnt
configure:4443: checking C compiler flags needed for avx2
configure:4472: gcc -o conftest  -Wall -g -O2   conftest.c  >&5
conftest.c: In function 'main':
conftest.c:37:13: warning: AVX vector return without AVX enabled changes the ABI [-Wpsabi]
     __m256i a = _mm256_set_epi32(1, 2, 3, 4, 5, 6, 7, 8);
             ^
In file included from /usr/lib/gcc/x86_64-redhat-linux/8/include/smmintrin.h:811,
                 from /usr/lib/gcc/x86_64-redhat-linux/8/include/x86intrin.h:43,
                 from conftest.c:29:
/usr/lib/gcc/x86_64-redhat-linux/8/include/popcntintrin.h:35:1: error: inlining failed in call to always_inline '_mm_popcnt_u32': target specific option mismatch
 _mm_popcnt_u32 (unsigned int __X)
 ^~~~~~~~~~~~~~
conftest.c:40:12: note: called from here
     return _mm_popcnt_u32((int) c);
            ^~~~~~~~~~~~~~~~~~~~~~~
In file included from /usr/lib/gcc/x86_64-redhat-linux/8/include/immintrin.h:41,
                 from /usr/lib/gcc/x86_64-redhat-linux/8/include/x86intrin.h:48,
                 from conftest.c:29:
/usr/lib/gcc/x86_64-redhat-linux/8/include/avxintrin.h:551:1: error: inlining failed in call to always_inline '_mm256_extract_epi64': target specific option mismatch
 _mm256_extract_epi64 (__m256i __X, const int __N)
 ^~~~~~~~~~~~~~~~~~~~
conftest.c:39:19: note: called from here
     long long c = _mm256_extract_epi64(b, 0);
                   ^~~~~~~~~~~~~~~~~~~~~~~~~~
In file included from /usr/lib/gcc/x86_64-redhat-linux/8/include/immintrin.h:43,
                 from /usr/lib/gcc/x86_64-redhat-linux/8/include/x86intrin.h:48,
                 from conftest.c:29:
/usr/lib/gcc/x86_64-redhat-linux/8/include/avx2intrin.h:119:1: error: inlining failed in call to always_inline '_mm256_add_epi32': target specific option mismatch
 _mm256_add_epi32 (__m256i __A, __m256i __B)
 ^~~~~~~~~~~~~~~~
conftest.c:38:17: note: called from here
     __m256i b = _mm256_add_epi32(a, a);
                 ^~~~~~~~~~~~~~~~~~~~~~
In file included from /usr/lib/gcc/x86_64-redhat-linux/8/include/immintrin.h:41,
                 from /usr/lib/gcc/x86_64-redhat-linux/8/include/x86intrin.h:48,
                 from conftest.c:29:
/usr/lib/gcc/x86_64-redhat-linux/8/include/avxintrin.h:1258:1: error: inlining failed in call to always_inline '_mm256_set_epi32': target specific option mismatch
 _mm256_set_epi32 (int __A, int __B, int __C, int __D,
 ^~~~~~~~~~~~~~~~
conftest.c:37:17: note: called from here
     __m256i a = _mm256_set_epi32(1, 2, 3, 4, 5, 6, 7, 8);
                 ^~~~~~~~~~~~~~~~~~~~~~~~~~~~~~~~~~~~~~~~
configure:4472: $? = 1
configure: failed program was:
| /* confdefs.h */
| #define PACKAGE_NAME "HTSlib"
| #define PACKAGE_TARNAME "htslib"
| #define PACKAGE_VERSION "1.21"
| #define PACKAGE_STRING "HTSlib 1.21"
| #define PACKAGE_BUGREPORT "samtools-help@lists.sourceforge.net"
| #define PACKAGE_URL "http://www.htslib.org/"
| #define HAVE_STDIO_H 1
| #define HAVE_STDLIB_H 1
| #define HAVE_STRING_H 1
| #define HAVE_INTTYPES_H 1
| #define HAVE_STDINT_H 1
| #define HAVE_STRINGS_H 1
| #define HAVE_SYS_STAT_H 1
| #define HAVE_SYS_TYPES_H 1
| #define HAVE_UNISTD_H 1
| #define HAVE_SYS_PARAM_H 1
| #define STDC_HEADERS 1
| #define _XOPEN_SOURCE 600
| #define HAVE_DECL___GET_CPUID_MAX 1
| #define HAVE_DECL___CPUID_COUNT 1
| #define HAVE_SSSE3 1
| #define HAVE_POPCNT 1
| #define HAVE_SSE4_1 1
| #define UBSAN 1
| /* end confdefs.h.  */
| 
|     #ifdef __x86_64__
|     #include "x86intrin.h"
|     #endif
| 
| int
| main (void)
| {
| 
|     #ifdef __x86_64__
|     __m256i a = _mm256_set_epi32(1, 2, 3, 4, 5, 6, 7, 8);
|     __m256i b = _mm256_add_epi32(a, a);
|     long long c = _mm256_extract_epi64(b, 0);
|     return _mm_popcnt_u32((int) c);
|     #endif
| 
|   ;
|   return 0;
| }
configure:4500: gcc -o conftest  -Wall -g -O2  -mavx2 -mpopcnt   conftest.c  >&5
configure:4500: $? = 0
configure:4516: result: -mavx2 -mpopcnt
configure:4547: checking C compiler flags needed for avx512f
configure:4577: gcc -o conftest  -Wall -g -O2   conftest.c  >&5
conftest.c: In function 'main':
conftest.c:39:13: warning: AVX512F vector return without AVX512F enabled changes the ABI [-Wpsabi]
     __m512i a = _mm512_set1_epi32(1);
             ^
conftest.c:41:13: warning: AVX vector return without AVX enabled changes the ABI [-Wpsabi]
     __m256i c = _mm512_castsi512_si256(b);
             ^
In file included from /usr/lib/gcc/x86_64-redhat-linux/8/include/smmintrin.h:811,
                 from /usr/lib/gcc/x86_64-redhat-linux/8/include/x86intrin.h:43,
                 from conftest.c:31:
/usr/lib/gcc/x86_64-redhat-linux/8/include/popcntintrin.h:35:1: error: inlining failed in call to always_inline '_mm_popcnt_u32': target specific option mismatch
 _mm_popcnt_u32 (unsigned int __X)
 ^~~~~~~~~~~~~~
conftest.c:43:12: note: called from here
     return _mm_popcnt_u32(*((char *) &c)) + (*(char *) &d);
            ^~~~~~~~~~~~~~~~~~~~~~~~~~~~~~
In file included from /usr/lib/gcc/x86_64-redhat-linux/8/include/immintrin.h:45,
                 from /usr/lib/gcc/x86_64-redhat-linux/8/include/x86intrin.h:48,
                 from conftest.c:31:
/usr/lib/gcc/x86_64-redhat-linux/8/include/avx512fintrin.h:5845:1: error: inlining failed in call to always_inline '_mm512_extracti64x4_epi64': target specific option mismatch
 _mm512_extracti64x4_epi64 (__m512i __A, const int __imm)
 ^~~~~~~~~~~~~~~~~~~~~~~~~
conftest.c:42:17: note: called from here
     __m256i d = _mm512_extracti64x4_epi64(a, 1);
                 ^~~~~~~~~~~~~~~~~~~~~~~~~~~~~~~
In file included from /usr/lib/gcc/x86_64-redhat-linux/8/include/immintrin.h:45,
                 from /usr/lib/gcc/x86_64-redhat-linux/8/include/x86intrin.h:48,
                 from conftest.c:31:
/usr/lib/gcc/x86_64-redhat-linux/8/include/avx512fintrin.h:14625:1: error: inlining failed in call to always_inline '_mm512_castsi512_si256': target specific option mismatch
 _mm512_castsi512_si256 (__m512i __A)
 ^~~~~~~~~~~~~~~~~~~~~~
conftest.c:41:17: note: called from here
     __m256i c = _mm512_castsi512_si256(b);
                 ^~~~~~~~~~~~~~~~~~~~~~~~~
In file included from /usr/lib/gcc/x86_64-redhat-linux/8/include/immintrin.h:45,
                 from /usr/lib/gcc/x86_64-redhat-linux/8/include/x86intrin.h:48,
                 from conftest.c:31:
/usr/lib/gcc/x86_64-redhat-linux/8/include/avx512fintrin.h:818:1: error: inlining failed in call to always_inline '_mm512_add_epi32': target specific option mismatch
 _mm512_add_epi32 (__m512i __A, __m512i __B)
 ^~~~~~~~~~~~~~~~
conftest.c:40:17: note: called from here
     __m512i b = _mm512_add_epi32(a, a);
                 ^~~~~~~~~~~~~~~~~~~~~~
In file included from /usr/lib/gcc/x86_64-redhat-linux/8/include/immintrin.h:45,
                 from /usr/lib/gcc/x86_64-redhat-linux/8/include/x86intrin.h:48,
                 from conftest.c:31:
/usr/lib/gcc/x86_64-redhat-linux/8/include/avx512fintrin.h:4002:1: error: inlining failed in call to always_inline '_mm512_set1_epi32': target specific option mismatch
 _mm512_set1_epi32 (int __A)
 ^~~~~~~~~~~~~~~~~
conftest.c:39:17: note: called from here
     __m512i a = _mm512_set1_epi32(1);
                 ^~~~~~~~~~~~~~~~~~~~
configure:4577: $? = 1
configure: failed program was:
| /* confdefs.h */
| #define PACKAGE_NAME "HTSlib"
| #define PACKAGE_TARNAME "htslib"
| #define PACKAGE_VERSION "1.21"
| #define PACKAGE_STRING "HTSlib 1.21"
| #define PACKAGE_BUGREPORT "samtools-help@lists.sourceforge.net"
| #define PACKAGE_URL "http://www.htslib.org/"
| #define HAVE_STDIO_H 1
| #define HAVE_STDLIB_H 1
| #define HAVE_STRING_H 1
| #define HAVE_INTTYPES_H 1
| #define HAVE_STDINT_H 1
| #define HAVE_STRINGS_H 1
| #define HAVE_SYS_STAT_H 1
| #define HAVE_SYS_TYPES_H 1
| #define HAVE_UNISTD_H 1
| #define HAVE_SYS_PARAM_H 1
| #define STDC_HEADERS 1
| #define _XOPEN_SOURCE 600
| #define HAVE_DECL___GET_CPUID_MAX 1
| #define HAVE_DECL___CPUID_COUNT 1
| #define HAVE_SSSE3 1
| #define HAVE_POPCNT 1
| #define HAVE_SSE4_1 1
| #define UBSAN 1
| #define HAVE_POPCNT 1
| #define HAVE_AVX2 1
| /* end confdefs.h.  */
| 
|     #ifdef __x86_64__
|     #include "x86intrin.h"
|     #endif
| 
| int
| main (void)
| {
| 
|     #ifdef __x86_64__
|     __m512i a = _mm512_set1_epi32(1);
|     __m512i b = _mm512_add_epi32(a, a);
|     __m256i c = _mm512_castsi512_si256(b);
|     __m256i d = _mm512_extracti64x4_epi64(a, 1);
|     return _mm_popcnt_u32(*((char *) &c)) + (*(char *) &d);
|     #endif
| 
|   ;
|   return 0;
| }
configure:4606: gcc -o conftest  -Wall -g -O2  -mavx512f -mpopcnt   conftest.c  >&5
configure:4606: $? = 0
configure:4622: result: -mavx512f -mpopcnt
configure:4653: checking for working __builtin_cpu_supports("ssse3")
configure:4670: gcc -o conftest  -Wall -g -O2   conftest.c  >&5
configure:4670: $? = 0
configure:4673: result: yes
configure:4689: checking for __attribute__((target))
configure:4707: gcc -c  -Wall -g -O2  conftest.c >&5
configure:4707: $? = 0
configure:4710: result: yes
configure:4787: checking for pkg-config
configure:4810: found /usr/bin/pkg-config
configure:4823: result: /usr/bin/pkg-config
configure:4848: checking pkg-config is at least version 0.9.0
configure:4851: result: yes
configure:4903: checking for gcc option to enable large file support
configure:4938: gcc -c  -Wall -g -O2  conftest.c >&5
configure:4938: $? = 0
configure:4944: gcc -DFTYPE=ino_t -c  -Wall -g -O2  conftest.c >&5
configure:4944: $? = 0
configure:4969: result: none needed
configure:5178: checking shared library type for unknown-Linux
configure:5208: result: plain .so
configure:5214: checking whether the linker supports versioned symbols
configure:5234: gcc -o conftest  -Wall -g -O2  -Wl,-version-script,./htslib.map  conftest.c  >&5
configure:5234: $? = 0
configure:5247: result: yes
configure:5266: checking whether the compiler accepts -fvisibility=hidden
configure:5287: gcc -o conftest  -Wall -g -O2 -fvisibility=hidden   -fvisibility=hidden conftest.c  >&5
configure:5287: $? = 0
configure:5304: result: yes
configure:5367: checking build system type
configure:5383: result: x86_64-pc-linux-gnu
configure:5403: checking host system type
configure:5418: result: x86_64-pc-linux-gnu
configure:5443: checking for getpagesize
configure:5443: gcc -o conftest  -Wall -g -O2 -fvisibility=hidden   -fvisibility=hidden conftest.c  >&5
configure:5443: $? = 0
configure:5443: result: yes
configure:5454: checking for working mmap
configure:5604: gcc -o conftest  -Wall -g -O2 -fvisibility=hidden   -fvisibility=hidden conftest.c  >&5
configure:5604: $? = 0
configure:5604: ./conftest
configure:5604: $? = 0
configure:5618: result: yes
configure:5627: checking for gmtime_r
configure:5627: gcc -o conftest  -Wall -g -O2 -fvisibility=hidden   -fvisibility=hidden conftest.c  >&5
configure:5627: $? = 0
configure:5627: result: yes
configure:5633: checking for fsync
configure:5633: gcc -o conftest  -Wall -g -O2 -fvisibility=hidden   -fvisibility=hidden conftest.c  >&5
configure:5633: $? = 0
configure:5633: result: yes
configure:5639: checking for drand48
configure:5639: gcc -o conftest  -Wall -g -O2 -fvisibility=hidden   -fvisibility=hidden conftest.c  >&5
configure:5639: $? = 0
configure:5639: result: yes
configure:5645: checking for srand48_deterministic
configure:5645: gcc -o conftest  -Wall -g -O2 -fvisibility=hidden   -fvisibility=hidden conftest.c  >&5
/tmp/cc8tkcXJ.o: In function `main':
/project/stuckert/jvnguy45/anolis_fpp/bcftools-1.21/htslib-1.21/conftest.c:65: undefined reference to `srand48_deterministic'
collect2: error: ld returned 1 exit status
configure:5645: $? = 1
configure: failed program was:
| /* confdefs.h */
| #define PACKAGE_NAME "HTSlib"
| #define PACKAGE_TARNAME "htslib"
| #define PACKAGE_VERSION "1.21"
| #define PACKAGE_STRING "HTSlib 1.21"
| #define PACKAGE_BUGREPORT "samtools-help@lists.sourceforge.net"
| #define PACKAGE_URL "http://www.htslib.org/"
| #define HAVE_STDIO_H 1
| #define HAVE_STDLIB_H 1
| #define HAVE_STRING_H 1
| #define HAVE_INTTYPES_H 1
| #define HAVE_STDINT_H 1
| #define HAVE_STRINGS_H 1
| #define HAVE_SYS_STAT_H 1
| #define HAVE_SYS_TYPES_H 1
| #define HAVE_UNISTD_H 1
| #define HAVE_SYS_PARAM_H 1
| #define STDC_HEADERS 1
| #define _XOPEN_SOURCE 600
| #define HAVE_DECL___GET_CPUID_MAX 1
| #define HAVE_DECL___CPUID_COUNT 1
| #define HAVE_SSSE3 1
| #define HAVE_POPCNT 1
| #define HAVE_SSE4_1 1
| #define UBSAN 1
| #define HAVE_POPCNT 1
| #define HAVE_AVX2 1
| #define HAVE_POPCNT 1
| #define HAVE_AVX512 1
| #define HAVE_BUILTIN_CPU_SUPPORT_SSSE3 1
| #define HAVE_ATTRIBUTE_TARGET 1
| #define HAVE_GETPAGESIZE 1
| #define HAVE_MMAP 1
| #define HAVE_GMTIME_R 1
| #define HAVE_FSYNC 1
| #define HAVE_DRAND48 1
| /* end confdefs.h.  */
| /* Define srand48_deterministic to an innocuous variant, in case <limits.h> declares srand48_deterministic.
|    For example, HP-UX 11i <limits.h> declares gettimeofday.  */
| #define srand48_deterministic innocuous_srand48_deterministic
| 
| /* System header to define __stub macros and hopefully few prototypes,
|    which can conflict with char srand48_deterministic (void); below.  */
| 
| #include <limits.h>
| #undef srand48_deterministic
| 
| /* Override any GCC internal prototype to avoid an error.
|    Use char because int might match the return type of a GCC
|    builtin and then its argument prototype would still apply.  */
| #ifdef __cplusplus
| extern "C"
| #endif
| char srand48_deterministic (void);
| /* The GNU C library defines this for functions which it implements
|     to always fail with ENOSYS.  Some functions are actually named
|     something starting with __ and the normal name is an alias.  */
| #if defined __stub_srand48_deterministic || defined __stub___srand48_deterministic
| choke me
| #endif
| 
| int
| main (void)
| {
| return srand48_deterministic ();
|   ;
|   return 0;
| }
configure:5645: result: no
configure:5655: checking whether fdatasync is declared
configure:5655: gcc -c  -Wall -g -O2 -fvisibility=hidden   conftest.c >&5
configure:5655: $? = 0
configure:5655: result: yes
configure:5658: checking for fdatasync
configure:5658: gcc -o conftest  -Wall -g -O2 -fvisibility=hidden   -fvisibility=hidden conftest.c  >&5
configure:5658: $? = 0
configure:5658: result: yes
configure:5667: checking for __attribute__((constructor))
configure:5682: gcc -o conftest  -Wall -g -O2 -fvisibility=hidden   -fvisibility=hidden conftest.c  >&5
configure:5682: $? = 0
configure:5685: result: yes
configure:5699: checking for clock_gettime with CLOCK_PROCESS_CPUTIME_ID
configure:5715: gcc -o conftest  -Wall -g -O2 -fvisibility=hidden   -fvisibility=hidden conftest.c  >&5
configure:5715: $? = 0
configure:5718: result: yes
configure:5871: checking for library containing log
configure:5907: gcc -o conftest  -Wall -g -O2 -fvisibility=hidden   -fvisibility=hidden conftest.c  >&5
conftest.c:51:6: warning: conflicting types for built-in function 'log' [-Wbuiltin-declaration-mismatch]
 char log (void);
      ^~~
/tmp/cckpmuZA.o: In function `main':
/project/stuckert/jvnguy45/anolis_fpp/bcftools-1.21/htslib-1.21/conftest.c:55: undefined reference to `log'
collect2: error: ld returned 1 exit status
configure:5907: $? = 1
configure: failed program was:
| /* confdefs.h */
| #define PACKAGE_NAME "HTSlib"
| #define PACKAGE_TARNAME "htslib"
| #define PACKAGE_VERSION "1.21"
| #define PACKAGE_STRING "HTSlib 1.21"
| #define PACKAGE_BUGREPORT "samtools-help@lists.sourceforge.net"
| #define PACKAGE_URL "http://www.htslib.org/"
| #define HAVE_STDIO_H 1
| #define HAVE_STDLIB_H 1
| #define HAVE_STRING_H 1
| #define HAVE_INTTYPES_H 1
| #define HAVE_STDINT_H 1
| #define HAVE_STRINGS_H 1
| #define HAVE_SYS_STAT_H 1
| #define HAVE_SYS_TYPES_H 1
| #define HAVE_UNISTD_H 1
| #define HAVE_SYS_PARAM_H 1
| #define STDC_HEADERS 1
| #define _XOPEN_SOURCE 600
| #define HAVE_DECL___GET_CPUID_MAX 1
| #define HAVE_DECL___CPUID_COUNT 1
| #define HAVE_SSSE3 1
| #define HAVE_POPCNT 1
| #define HAVE_SSE4_1 1
| #define UBSAN 1
| #define HAVE_POPCNT 1
| #define HAVE_AVX2 1
| #define HAVE_POPCNT 1
| #define HAVE_AVX512 1
| #define HAVE_BUILTIN_CPU_SUPPORT_SSSE3 1
| #define HAVE_ATTRIBUTE_TARGET 1
| #define HAVE_GETPAGESIZE 1
| #define HAVE_MMAP 1
| #define HAVE_GMTIME_R 1
| #define HAVE_FSYNC 1
| #define HAVE_DRAND48 1
| #define HAVE_FDATASYNC 1
| #define HAVE_ATTRIBUTE_CONSTRUCTOR 1
| #define HAVE_CLOCK_GETTIME_CPUTIME 1
| /* end confdefs.h.  */
| 
| /* Override any GCC internal prototype to avoid an error.
|    Use char because int might match the return type of a GCC
|    builtin and then its argument prototype would still apply.
|    The 'extern "C"' is for builds by C++ compilers;
|    although this is not generally supported in C code supporting it here
|    has little cost and some practical benefit (sr 110532).  */
| #ifdef __cplusplus
| extern "C"
| #endif
| char log (void);
| int
| main (void)
| {
| return log ();
|   ;
|   return 0;
| }
configure:5907: gcc -o conftest  -Wall -g -O2 -fvisibility=hidden   -fvisibility=hidden conftest.c -lm   >&5
conftest.c:51:6: warning: conflicting types for built-in function 'log' [-Wbuiltin-declaration-mismatch]
 char log (void);
      ^~~
configure:5907: $? = 0
configure:5929: result: -lm
configure:5951: checking for zlib.h
configure:5951: gcc -c  -Wall -g -O2 -fvisibility=hidden  conftest.c >&5
configure:5951: $? = 0
configure:5951: result: yes
configure:5961: checking for inflate in -lz
configure:5990: gcc -o conftest  -Wall -g -O2 -fvisibility=hidden   -fvisibility=hidden conftest.c -lz  -lm  >&5
configure:5990: $? = 0
configure:6002: result: yes
configure:6033: checking for library containing recv
configure:6069: gcc -o conftest  -Wall -g -O2 -fvisibility=hidden   -fvisibility=hidden conftest.c -lz -lm  >&5
configure:6069: $? = 0
configure:6091: result: none required
configure:6141: checking for bzlib.h
configure:6141: gcc -c  -Wall -g -O2 -fvisibility=hidden  conftest.c >&5
configure:6141: $? = 0
configure:6141: result: yes
configure:6151: checking for BZ2_bzBuffToBuffCompress in -lbz2
configure:6180: gcc -o conftest  -Wall -g -O2 -fvisibility=hidden   -fvisibility=hidden conftest.c -lbz2  -lz -lm  >&5
configure:6180: $? = 0
configure:6192: result: yes
configure:6236: checking for lzma.h
configure:6236: gcc -c  -Wall -g -O2 -fvisibility=hidden  conftest.c >&5
configure:6236: $? = 0
configure:6236: result: yes
configure:6248: checking for lzma_easy_buffer_encode in -llzma
configure:6277: gcc -o conftest  -Wall -g -O2 -fvisibility=hidden   -fvisibility=hidden conftest.c -llzma  -lbz2 -lz -lm  >&5
configure:6277: $? = 0
configure:6289: result: yes
configure:6415: checking whether htscodecs files are present
configure:6419: result: yes
configure:6462: checking for libdeflate.h
configure:6462: gcc -c  -Wall -g -O2 -fvisibility=hidden  conftest.c >&5
conftest.c:47:10: fatal error: libdeflate.h: No such file or directory
 #include <libdeflate.h>
          ^~~~~~~~~~~~~~
compilation terminated.
configure:6462: $? = 1
configure: failed program was:
| /* confdefs.h */
| #define PACKAGE_NAME "HTSlib"
| #define PACKAGE_TARNAME "htslib"
| #define PACKAGE_VERSION "1.21"
| #define PACKAGE_STRING "HTSlib 1.21"
| #define PACKAGE_BUGREPORT "samtools-help@lists.sourceforge.net"
| #define PACKAGE_URL "http://www.htslib.org/"
| #define HAVE_STDIO_H 1
| #define HAVE_STDLIB_H 1
| #define HAVE_STRING_H 1
| #define HAVE_INTTYPES_H 1
| #define HAVE_STDINT_H 1
| #define HAVE_STRINGS_H 1
| #define HAVE_SYS_STAT_H 1
| #define HAVE_SYS_TYPES_H 1
| #define HAVE_UNISTD_H 1
| #define HAVE_SYS_PARAM_H 1
| #define STDC_HEADERS 1
| #define _XOPEN_SOURCE 600
| #define HAVE_DECL___GET_CPUID_MAX 1
| #define HAVE_DECL___CPUID_COUNT 1
| #define HAVE_SSSE3 1
| #define HAVE_POPCNT 1
| #define HAVE_SSE4_1 1
| #define UBSAN 1
| #define HAVE_POPCNT 1
| #define HAVE_AVX2 1
| #define HAVE_POPCNT 1
| #define HAVE_AVX512 1
| #define HAVE_BUILTIN_CPU_SUPPORT_SSSE3 1
| #define HAVE_ATTRIBUTE_TARGET 1
| #define HAVE_GETPAGESIZE 1
| #define HAVE_MMAP 1
| #define HAVE_GMTIME_R 1
| #define HAVE_FSYNC 1
| #define HAVE_DRAND48 1
| #define HAVE_FDATASYNC 1
| #define HAVE_ATTRIBUTE_CONSTRUCTOR 1
| #define HAVE_CLOCK_GETTIME_CPUTIME 1
| #define HAVE_LIBZ 1
| #define HAVE_LIBBZ2 1
| #define HAVE_LZMA_H 1
| #define HAVE_LIBLZMA 1
| /* end confdefs.h.  */
| ;
| 
| #include <libdeflate.h>
configure:6462: result: no
configure:6472: checking for libdeflate_deflate_compress in -ldeflate
configure:6501: gcc -o conftest  -Wall -g -O2 -fvisibility=hidden   -fvisibility=hidden conftest.c -ldeflate  -llzma -lbz2 -lz -lm  >&5
/usr/bin/ld: cannot find -ldeflate
collect2: error: ld returned 1 exit status
configure:6501: $? = 1
configure: failed program was:
| /* confdefs.h */
| #define PACKAGE_NAME "HTSlib"
| #define PACKAGE_TARNAME "htslib"
| #define PACKAGE_VERSION "1.21"
| #define PACKAGE_STRING "HTSlib 1.21"
| #define PACKAGE_BUGREPORT "samtools-help@lists.sourceforge.net"
| #define PACKAGE_URL "http://www.htslib.org/"
| #define HAVE_STDIO_H 1
| #define HAVE_STDLIB_H 1
| #define HAVE_STRING_H 1
| #define HAVE_INTTYPES_H 1
| #define HAVE_STDINT_H 1
| #define HAVE_STRINGS_H 1
| #define HAVE_SYS_STAT_H 1
| #define HAVE_SYS_TYPES_H 1
| #define HAVE_UNISTD_H 1
| #define HAVE_SYS_PARAM_H 1
| #define STDC_HEADERS 1
| #define _XOPEN_SOURCE 600
| #define HAVE_DECL___GET_CPUID_MAX 1
| #define HAVE_DECL___CPUID_COUNT 1
| #define HAVE_SSSE3 1
| #define HAVE_POPCNT 1
| #define HAVE_SSE4_1 1
| #define UBSAN 1
| #define HAVE_POPCNT 1
| #define HAVE_AVX2 1
| #define HAVE_POPCNT 1
| #define HAVE_AVX512 1
| #define HAVE_BUILTIN_CPU_SUPPORT_SSSE3 1
| #define HAVE_ATTRIBUTE_TARGET 1
| #define HAVE_GETPAGESIZE 1
| #define HAVE_MMAP 1
| #define HAVE_GMTIME_R 1
| #define HAVE_FSYNC 1
| #define HAVE_DRAND48 1
| #define HAVE_FDATASYNC 1
| #define HAVE_ATTRIBUTE_CONSTRUCTOR 1
| #define HAVE_CLOCK_GETTIME_CPUTIME 1
| #define HAVE_LIBZ 1
| #define HAVE_LIBBZ2 1
| #define HAVE_LZMA_H 1
| #define HAVE_LIBLZMA 1
| /* end confdefs.h.  */
| 
| /* Override any GCC internal prototype to avoid an error.
|    Use char because int might match the return type of a GCC
|    builtin and then its argument prototype would still apply.
|    The 'extern "C"' is for builds by C++ compilers;
|    although this is not generally supported in C code supporting it here
|    has little cost and some practical benefit (sr 110532).  */
| #ifdef __cplusplus
| extern "C"
| #endif
| char libdeflate_deflate_compress (void);
| int
| main (void)
| {
| return libdeflate_deflate_compress ();
|   ;
|   return 0;
| }
configure:6513: result: no
configure:6557: checking for curl/curl.h
configure:6557: gcc -c  -Wall -g -O2 -fvisibility=hidden  conftest.c >&5
configure:6557: $? = 0
configure:6557: result: yes
configure:6567: checking for curl_easy_pause in -lcurl
configure:6596: gcc -o conftest  -Wall -g -O2 -fvisibility=hidden   -fvisibility=hidden conftest.c -lcurl  -llzma -lbz2 -lz -lm  >&5
configure:6596: $? = 0
configure:6608: result: yes
configure:6754: checking for CCHmac
configure:6754: gcc -o conftest  -Wall -g -O2 -fvisibility=hidden   -fvisibility=hidden conftest.c -llzma -lbz2 -lz -lm  >&5
/tmp/ccPYyhb5.o: In function `main':
/project/stuckert/jvnguy45/anolis_fpp/bcftools-1.21/htslib-1.21/conftest.c:74: undefined reference to `CCHmac'
collect2: error: ld returned 1 exit status
configure:6754: $? = 1
configure: failed program was:
| /* confdefs.h */
| #define PACKAGE_NAME "HTSlib"
| #define PACKAGE_TARNAME "htslib"
| #define PACKAGE_VERSION "1.21"
| #define PACKAGE_STRING "HTSlib 1.21"
| #define PACKAGE_BUGREPORT "samtools-help@lists.sourceforge.net"
| #define PACKAGE_URL "http://www.htslib.org/"
| #define HAVE_STDIO_H 1
| #define HAVE_STDLIB_H 1
| #define HAVE_STRING_H 1
| #define HAVE_INTTYPES_H 1
| #define HAVE_STDINT_H 1
| #define HAVE_STRINGS_H 1
| #define HAVE_SYS_STAT_H 1
| #define HAVE_SYS_TYPES_H 1
| #define HAVE_UNISTD_H 1
| #define HAVE_SYS_PARAM_H 1
| #define STDC_HEADERS 1
| #define _XOPEN_SOURCE 600
| #define HAVE_DECL___GET_CPUID_MAX 1
| #define HAVE_DECL___CPUID_COUNT 1
| #define HAVE_SSSE3 1
| #define HAVE_POPCNT 1
| #define HAVE_SSE4_1 1
| #define UBSAN 1
| #define HAVE_POPCNT 1
| #define HAVE_AVX2 1
| #define HAVE_POPCNT 1
| #define HAVE_AVX512 1
| #define HAVE_BUILTIN_CPU_SUPPORT_SSSE3 1
| #define HAVE_ATTRIBUTE_TARGET 1
| #define HAVE_GETPAGESIZE 1
| #define HAVE_MMAP 1
| #define HAVE_GMTIME_R 1
| #define HAVE_FSYNC 1
| #define HAVE_DRAND48 1
| #define HAVE_FDATASYNC 1
| #define HAVE_ATTRIBUTE_CONSTRUCTOR 1
| #define HAVE_CLOCK_GETTIME_CPUTIME 1
| #define HAVE_LIBZ 1
| #define HAVE_LIBBZ2 1
| #define HAVE_LZMA_H 1
| #define HAVE_LIBLZMA 1
| #define HAVE_LIBCURL 1
| #define ENABLE_GCS 1
| /* end confdefs.h.  */
| /* Define CCHmac to an innocuous variant, in case <limits.h> declares CCHmac.
|    For example, HP-UX 11i <limits.h> declares gettimeofday.  */
| #define CCHmac innocuous_CCHmac
| 
| /* System header to define __stub macros and hopefully few prototypes,
|    which can conflict with char CCHmac (void); below.  */
| 
| #include <limits.h>
| #undef CCHmac
| 
| /* Override any GCC internal prototype to avoid an error.
|    Use char because int might match the return type of a GCC
|    builtin and then its argument prototype would still apply.  */
| #ifdef __cplusplus
| extern "C"
| #endif
| char CCHmac (void);
| /* The GNU C library defines this for functions which it implements
|     to always fail with ENOSYS.  Some functions are actually named
|     something starting with __ and the normal name is an alias.  */
| #if defined __stub_CCHmac || defined __stub___CCHmac
| choke me
| #endif
| 
| int
| main (void)
| {
| return CCHmac ();
|   ;
|   return 0;
| }
configure:6754: result: no
configure:6762: checking for library containing HMAC
configure:6798: gcc -o conftest  -Wall -g -O2 -fvisibility=hidden   -fvisibility=hidden conftest.c -llzma -lbz2 -lz -lm  >&5
/tmp/ccfeNFXt.o: In function `main':
/project/stuckert/jvnguy45/anolis_fpp/bcftools-1.21/htslib-1.21/conftest.c:61: undefined reference to `HMAC'
collect2: error: ld returned 1 exit status
configure:6798: $? = 1
configure: failed program was:
| /* confdefs.h */
| #define PACKAGE_NAME "HTSlib"
| #define PACKAGE_TARNAME "htslib"
| #define PACKAGE_VERSION "1.21"
| #define PACKAGE_STRING "HTSlib 1.21"
| #define PACKAGE_BUGREPORT "samtools-help@lists.sourceforge.net"
| #define PACKAGE_URL "http://www.htslib.org/"
| #define HAVE_STDIO_H 1
| #define HAVE_STDLIB_H 1
| #define HAVE_STRING_H 1
| #define HAVE_INTTYPES_H 1
| #define HAVE_STDINT_H 1
| #define HAVE_STRINGS_H 1
| #define HAVE_SYS_STAT_H 1
| #define HAVE_SYS_TYPES_H 1
| #define HAVE_UNISTD_H 1
| #define HAVE_SYS_PARAM_H 1
| #define STDC_HEADERS 1
| #define _XOPEN_SOURCE 600
| #define HAVE_DECL___GET_CPUID_MAX 1
| #define HAVE_DECL___CPUID_COUNT 1
| #define HAVE_SSSE3 1
| #define HAVE_POPCNT 1
| #define HAVE_SSE4_1 1
| #define UBSAN 1
| #define HAVE_POPCNT 1
| #define HAVE_AVX2 1
| #define HAVE_POPCNT 1
| #define HAVE_AVX512 1
| #define HAVE_BUILTIN_CPU_SUPPORT_SSSE3 1
| #define HAVE_ATTRIBUTE_TARGET 1
| #define HAVE_GETPAGESIZE 1
| #define HAVE_MMAP 1
| #define HAVE_GMTIME_R 1
| #define HAVE_FSYNC 1
| #define HAVE_DRAND48 1
| #define HAVE_FDATASYNC 1
| #define HAVE_ATTRIBUTE_CONSTRUCTOR 1
| #define HAVE_CLOCK_GETTIME_CPUTIME 1
| #define HAVE_LIBZ 1
| #define HAVE_LIBBZ2 1
| #define HAVE_LZMA_H 1
| #define HAVE_LIBLZMA 1
| #define HAVE_LIBCURL 1
| #define ENABLE_GCS 1
| /* end confdefs.h.  */
| 
| /* Override any GCC internal prototype to avoid an error.
|    Use char because int might match the return type of a GCC
|    builtin and then its argument prototype would still apply.
|    The 'extern "C"' is for builds by C++ compilers;
|    although this is not generally supported in C code supporting it here
|    has little cost and some practical benefit (sr 110532).  */
| #ifdef __cplusplus
| extern "C"
| #endif
| char HMAC (void);
| int
| main (void)
| {
| return HMAC ();
|   ;
|   return 0;
| }
configure:6798: gcc -o conftest  -Wall -g -O2 -fvisibility=hidden   -fvisibility=hidden conftest.c -lcrypto  -llzma -lbz2 -lz -lm  >&5
configure:6798: $? = 0
configure:6820: result: -lcrypto
configure:6865: checking for library containing regcomp
configure:6901: gcc -o conftest  -Wall -g -O2 -fvisibility=hidden   -fvisibility=hidden conftest.c -llzma -lbz2 -lz -lm  >&5
configure:6901: $? = 0
configure:6923: result: none required
configure:7096: creating ./config.status

## ---------------------- ##
## Running config.status. ##
## ---------------------- ##

This file was extended by HTSlib config.status 1.21, which was
generated by GNU Autoconf 2.72.  Invocation command line was

  CONFIG_FILES    = 
  CONFIG_HEADERS  = 
  CONFIG_LINKS    = 
  CONFIG_COMMANDS = 
  $ ./config.status 

on opuntia.rcdc.uh.edu

config.status:870: creating config.mk
config.status:870: creating htslib.pc.tmp
config.status:870: creating config.h
config.status:1066: linking htscodecs_bundled.mk to htscodecs.mk

## ---------------- ##
## Cache variables. ##
## ---------------- ##

ac_cv_build=x86_64-pc-linux-gnu
ac_cv_c_compiler_gnu=yes
ac_cv_c_undeclared_builtin_options='none needed'
ac_cv_env_CC_set=
ac_cv_env_CC_value=
ac_cv_env_CFLAGS_set=
ac_cv_env_CFLAGS_value=
ac_cv_env_CPPFLAGS_set=
ac_cv_env_CPPFLAGS_value=
ac_cv_env_LDFLAGS_set=
ac_cv_env_LDFLAGS_value=
ac_cv_env_LIBS_set=
ac_cv_env_LIBS_value=
ac_cv_env_PKG_CONFIG_LIBDIR_set=
ac_cv_env_PKG_CONFIG_LIBDIR_value=
ac_cv_env_PKG_CONFIG_PATH_set=
ac_cv_env_PKG_CONFIG_PATH_value=
ac_cv_env_PKG_CONFIG_set=
ac_cv_env_PKG_CONFIG_value=
ac_cv_env_build_alias_set=
ac_cv_env_build_alias_value=
ac_cv_env_host_alias_set=
ac_cv_env_host_alias_value=
ac_cv_env_target_alias_set=
ac_cv_env_target_alias_value=
ac_cv_func_CCHmac=no
ac_cv_func_drand48=yes
ac_cv_func_fdatasync=yes
ac_cv_func_fsync=yes
ac_cv_func_getpagesize=yes
ac_cv_func_gmtime_r=yes
ac_cv_func_mmap_fixed_mapped=yes
ac_cv_func_srand48_deterministic=no
ac_cv_have_decl__XOPEN_SOURCE=no
ac_cv_have_decl___cpuid_count=yes
ac_cv_have_decl___get_cpuid_max=yes
ac_cv_have_decl_fdatasync_int_=yes
ac_cv_header_bzlib_h=yes
ac_cv_header_curl_curl_h=yes
ac_cv_header_inttypes_h=yes
ac_cv_header_libdeflate_h=no
ac_cv_header_lzma_h=yes
ac_cv_header_stdint_h=yes
ac_cv_header_stdio_h=yes
ac_cv_header_stdlib_h=yes
ac_cv_header_string_h=yes
ac_cv_header_strings_h=yes
ac_cv_header_sys_param_h=yes
ac_cv_header_sys_stat_h=yes
ac_cv_header_sys_types_h=yes
ac_cv_header_unistd_h=yes
ac_cv_header_zlib_h=yes
ac_cv_host=x86_64-pc-linux-gnu
ac_cv_lib_bz2_BZ2_bzBuffToBuffCompress=yes
ac_cv_lib_curl_curl_easy_pause=yes
ac_cv_lib_deflate_libdeflate_deflate_compress=no
ac_cv_lib_lzma_lzma_easy_buffer_encode=yes
ac_cv_lib_z_inflate=yes
ac_cv_objext=o
ac_cv_path_GREP=/usr/bin/grep
ac_cv_path_ac_pt_PKG_CONFIG=/usr/bin/pkg-config
ac_cv_prog_ac_ct_CC=gcc
ac_cv_prog_ac_ct_RANLIB=ranlib
ac_cv_prog_cc_c11=
ac_cv_prog_cc_g=yes
ac_cv_prog_cc_stdc=
ac_cv_search_HMAC=-lcrypto
ac_cv_search_log=-lm
ac_cv_search_recv='none required'
ac_cv_search_regcomp='none required'
ac_cv_sys_largefile_opts='none needed'
hts_cv_check__fvisibility_hidden=yes
hts_cv_check_cflags_needed_avx2___mavx2__mpopcnt='-mavx2 -mpopcnt'
hts_cv_check_cflags_needed_avx512f___mavx512f__mpopcnt='-mavx512f -mpopcnt'
hts_cv_check_cflags_needed_sse4_1___msse4_1__mssse3__mpopcnt='-msse4.1 -mssse3 -mpopcnt'
hts_cv_have_versioned_symbols=yes
hts_cv_prog_cc_warnings=-Wall

## ----------------- ##
## Output variables. ##
## ----------------- ##

CC='gcc'
CFLAGS=' -Wall -g -O2 -fvisibility=hidden'
CPPFLAGS=''
CRYPTO_LIBS='-lcrypto'
DEFS='-DHAVE_CONFIG_H'
ECHO_C=''
ECHO_N='-n'
ECHO_T=''
EXEEXT=''
GREP='/usr/bin/grep'
HTSDIRslash_if_relsrcdir='$(HTSDIR)/'
LDFLAGS=' -fvisibility=hidden'
LIBOBJS=''
LIBS='-llzma -lbz2 -lz -lm '
LTLIBOBJS=''
OBJEXT='o'
PACKAGE_BUGREPORT='samtools-help@lists.sourceforge.net'
PACKAGE_NAME='HTSlib'
PACKAGE_STRING='HTSlib 1.21'
PACKAGE_TARNAME='htslib'
PACKAGE_URL='http://www.htslib.org/'
PACKAGE_VERSION='1.21'
PATH_SEPARATOR=':'
PKG_CONFIG='/usr/bin/pkg-config'
PKG_CONFIG_LIBDIR=''
PKG_CONFIG_PATH=''
PLATFORM='default'
PLUGIN_EXT='.so'
RANLIB='ranlib'
SHELL='/bin/sh'
VERSION_SCRIPT_LDFLAGS='-Wl,-version-script,$(srcprefix)htslib.map'
ac_ct_CC='gcc'
bindir='${exec_prefix}/bin'
build='x86_64-pc-linux-gnu'
build_alias=''
build_cpu='x86_64'
build_os='linux-gnu'
build_vendor='pc'
datadir='${datarootdir}'
datarootdir='${prefix}/share'
docdir='${datarootdir}/doc/${PACKAGE_TARNAME}'
dvidir='${docdir}'
enable_plugins='no'
exec_prefix='${prefix}'
gcs='enabled'
host='x86_64-pc-linux-gnu'
host_alias=''
host_cpu='x86_64'
host_os='linux-gnu'
host_vendor='pc'
htmldir='${docdir}'
hts_cflags_avx2='-mavx2 -mpopcnt'
hts_cflags_avx512='-mavx512f -mpopcnt'
hts_cflags_sse4='-msse4.1 -mssse3 -mpopcnt'
includedir='${prefix}/include'
infodir='${datarootdir}/info'
libcurl='enabled'
libdir='${exec_prefix}/lib'
libexecdir='${exec_prefix}/libexec'
localedir='${datarootdir}/locale'
localstatedir='${prefix}/var'
mandir='${datarootdir}/man'
oldincludedir='/usr/include'
pc_requires=' bzip2 liblzma'
pdfdir='${docdir}'
plugindir='$(libexecdir)/htslib'
pluginpath='$(libexecdir)/htslib'
prefix='/project/stuckert/jvnguy45/anolis_fpp/bcftools-1.21'
private_LIBS=''
program_transform_name='s,x,x,'
psdir='${docdir}'
runstatedir='${localstatedir}/run'
s3='enabled'
sbindir='${exec_prefix}/sbin'
sharedstatedir='${prefix}/com'
static_LDFLAGS=''
static_LIBS='-lpthread -lz -lm -lbz2 -llzma -lcurl -lcrypto'
sysconfdir='${prefix}/etc'
target_alias=''
with_external_htscodecs='no'

## ----------- ##
## confdefs.h. ##
## ----------- ##

/* confdefs.h */
#define PACKAGE_NAME "HTSlib"
#define PACKAGE_TARNAME "htslib"
#define PACKAGE_VERSION "1.21"
#define PACKAGE_STRING "HTSlib 1.21"
#define PACKAGE_BUGREPORT "samtools-help@lists.sourceforge.net"
#define PACKAGE_URL "http://www.htslib.org/"
#define HAVE_STDIO_H 1
#define HAVE_STDLIB_H 1
#define HAVE_STRING_H 1
#define HAVE_INTTYPES_H 1
#define HAVE_STDINT_H 1
#define HAVE_STRINGS_H 1
#define HAVE_SYS_STAT_H 1
#define HAVE_SYS_TYPES_H 1
#define HAVE_UNISTD_H 1
#define HAVE_SYS_PARAM_H 1
#define STDC_HEADERS 1
#define _XOPEN_SOURCE 600
#define HAVE_DECL___GET_CPUID_MAX 1
#define HAVE_DECL___CPUID_COUNT 1
#define HAVE_SSSE3 1
#define HAVE_POPCNT 1
#define HAVE_SSE4_1 1
#define UBSAN 1
#define HAVE_POPCNT 1
#define HAVE_AVX2 1
#define HAVE_POPCNT 1
#define HAVE_AVX512 1
#define HAVE_BUILTIN_CPU_SUPPORT_SSSE3 1
#define HAVE_ATTRIBUTE_TARGET 1
#define HAVE_GETPAGESIZE 1
#define HAVE_MMAP 1
#define HAVE_GMTIME_R 1
#define HAVE_FSYNC 1
#define HAVE_DRAND48 1
#define HAVE_FDATASYNC 1
#define HAVE_ATTRIBUTE_CONSTRUCTOR 1
#define HAVE_CLOCK_GETTIME_CPUTIME 1
#define HAVE_LIBZ 1
#define HAVE_LIBBZ2 1
#define HAVE_LZMA_H 1
#define HAVE_LIBLZMA 1
#define HAVE_LIBCURL 1
#define ENABLE_GCS 1
#define HAVE_HMAC 1
#define ENABLE_S3 1

configure: exit 0
