This file contains any messages produced by compilers while
running configure, to aid debugging if configure makes a mistake.

It was created by BCFtools configure 1.21, which was
generated by GNU Autoconf 2.72.  Invocation command line was

  $ ./configure --prefix=/project/stuckert/jvnguy45/anolis_fpp/bcftools-1.21

## --------- ##
## Platform. ##
## --------- ##

hostname = opuntia.rcdc.uh.edu
uname -m = x86_64
uname -r = 4.18.0-553.16.1.el8_10.x86_64
uname -s = Linux
uname -v = #1 SMP Thu Aug 1 04:16:12 EDT 2024

/usr/bin/uname -p = x86_64
/bin/uname -X     = unknown

/bin/arch              = x86_64
/usr/bin/arch -k       = unknown
/usr/convex/getsysinfo = unknown
/usr/bin/hostinfo      = unknown
/bin/machine           = unknown
/usr/bin/oslevel       = unknown
/bin/universe          = unknown

PATH: /project/stuckert/jvnguy45/.local/bin/
PATH: /project/stuckert/jvnguy45/bin/
PATH: /usr/local/bin/
PATH: /usr/bin/
PATH: /usr/local/sbin/
PATH: /usr/sbin/
PATH: /opt/slurm/bin/
PATH: /opt/slurm/sbin/
PATH: /share/apps/sbalance-1.2.2/bin/
PATH: /usr/bin/bcftools-1.21/
PATH: /usr/bin/samtools-1.21/
PATH: /usr/bin/bcftools-1.21/
PATH: /usr/bin/plink-1.07-mac-intel/
PATH: /usr/bin/samtools-1.21/


## ----------- ##
## Core tests. ##
## ----------- ##

configure:2400: checking for gcc
configure:2421: found /usr/bin/gcc
configure:2433: result: gcc
configure:2792: checking for C compiler version
configure:2801: gcc --version >&5
gcc (GCC) 8.5.0 20210514 (Red Hat 8.5.0-22)
Copyright (C) 2018 Free Software Foundation, Inc.
This is free software; see the source for copying conditions.  There is NO
warranty; not even for MERCHANTABILITY or FITNESS FOR A PARTICULAR PURPOSE.

configure:2812: $? = 0
configure:2801: gcc -v >&5
Using built-in specs.
COLLECT_GCC=gcc
COLLECT_LTO_WRAPPER=/usr/libexec/gcc/x86_64-redhat-linux/8/lto-wrapper
OFFLOAD_TARGET_NAMES=nvptx-none
OFFLOAD_TARGET_DEFAULT=1
Target: x86_64-redhat-linux
Configured with: ../configure --enable-bootstrap --enable-languages=c,c++,fortran,lto --prefix=/usr --mandir=/usr/share/man --infodir=/usr/share/info --with-bugurl=http://bugzilla.redhat.com/bugzilla --enable-shared --enable-threads=posix --enable-checking=release --enable-multilib --with-system-zlib --enable-__cxa_atexit --disable-libunwind-exceptions --enable-gnu-unique-object --enable-linker-build-id --with-gcc-major-version-only --with-linker-hash-style=gnu --enable-plugin --enable-initfini-array --with-isl --disable-libmpx --enable-offload-targets=nvptx-none --without-cuda-driver --enable-gnu-indirect-function --enable-cet --with-tune=generic --with-arch_32=x86-64 --build=x86_64-redhat-linux
Thread model: posix
gcc version 8.5.0 20210514 (Red Hat 8.5.0-22) (GCC) 
configure:2812: $? = 0
configure:2801: gcc -V >&5
gcc: error: unrecognized command line option '-V'
gcc: fatal error: no input files
compilation terminated.
configure:2812: $? = 1
configure:2801: gcc -qversion >&5
gcc: error: unrecognized command line option '-qversion'; did you mean '--version'?
gcc: fatal error: no input files
compilation terminated.
configure:2812: $? = 1
configure:2801: gcc -version >&5
gcc: error: unrecognized command line option '-version'
gcc: fatal error: no input files
compilation terminated.
configure:2812: $? = 1
configure:2832: checking whether the C compiler works
configure:2854: gcc    conftest.c  >&5
configure:2858: $? = 0
configure:2909: result: yes
configure:2913: checking for C compiler default output file name
configure:2915: result: a.out
configure:2921: checking for suffix of executables
configure:2928: gcc -o conftest    conftest.c  >&5
configure:2932: $? = 0
configure:2956: result: 
configure:2980: checking whether we are cross compiling
configure:2988: gcc -o conftest    conftest.c  >&5
configure:2992: $? = 0
configure:2999: ./conftest
configure:3003: $? = 0
configure:3018: result: no
configure:3024: checking for suffix of object files
configure:3047: gcc -c   conftest.c >&5
configure:3051: $? = 0
configure:3075: result: o
configure:3079: checking whether the compiler supports GNU C
configure:3099: gcc -c   conftest.c >&5
configure:3099: $? = 0
configure:3111: result: yes
configure:3122: checking whether gcc accepts -g
configure:3143: gcc -c -g  conftest.c >&5
configure:3143: $? = 0
configure:3190: result: yes
configure:3210: checking for gcc option to enable C11 features
configure:3225: gcc  -c -g -O2  conftest.c >&5
configure:3225: $? = 0
configure:3244: result: none needed
configure:3363: checking for grep that handles long lines and -e
configure:3429: result: /usr/bin/grep
configure:3459: checking for C compiler warning flags
configure:3601: result: -Wall
configure:3706: checking for gcc option to enable large file support
configure:3741: gcc -c  -Wall -g -O2  conftest.c >&5
configure:3741: $? = 0
configure:3747: gcc -DFTYPE=ino_t -c  -Wall -g -O2  conftest.c >&5
configure:3747: $? = 0
configure:3772: result: none needed
configure:3978: checking location of HTSlib source tree
configure:3999: result: htslib-1.21
configure:4216: checking shared library type
configure:4246: result: plain .so
configure:4260: checking for library containing dlopen
configure:4296: gcc -o conftest  -Wall -g -O2   conftest.c  >&5
/tmp/ccdqoYHl.o: In function `main':
/project/stuckert/jvnguy45/anolis_fpp/bcftools-1.21/conftest.c:25: undefined reference to `dlopen'
collect2: error: ld returned 1 exit status
configure:4296: $? = 1
configure: failed program was:
| /* confdefs.h */
| #define PACKAGE_NAME "BCFtools"
| #define PACKAGE_TARNAME "bcftools"
| #define PACKAGE_VERSION "1.21"
| #define PACKAGE_STRING "BCFtools 1.21"
| #define PACKAGE_BUGREPORT "samtools-help@lists.sourceforge.net"
| #define PACKAGE_URL "http://www.htslib.org/"
| #define PLUGIN_EXT ".so"
| #define ENABLE_BCF_PLUGINS 1
| /* end confdefs.h.  */
| 
| /* Override any GCC internal prototype to avoid an error.
|    Use char because int might match the return type of a GCC
|    builtin and then its argument prototype would still apply.
|    The 'extern "C"' is for builds by C++ compilers;
|    although this is not generally supported in C code supporting it here
|    has little cost and some practical benefit (sr 110532).  */
| #ifdef __cplusplus
| extern "C"
| #endif
| char dlopen (void);
| int
| main (void)
| {
| return dlopen ();
|   ;
|   return 0;
| }
configure:4296: gcc -o conftest  -Wall -g -O2   conftest.c -ldl   >&5
configure:4296: $? = 0
configure:4318: result: -ldl
configure:4411: checking if the compiler accepts -rdynamic
configure:4426: gcc -o conftest  -Wall -g -O2 -rdynamic   conftest.c -ldl  >&5
configure:4426: $? = 0
configure:4436: result: yes
configure:4450: checking for zlib.h
configure:4450: gcc -c  -Wall -g -O2  conftest.c >&5
configure:4450: $? = 0
configure:4450: result: yes
configure:4460: checking for inflate in -lz
configure:4489: gcc -o conftest  -Wall -g -O2   conftest.c -lz  -ldl  >&5
configure:4489: $? = 0
configure:4501: result: yes
configure:4859: checking for library containing regcomp
configure:4895: gcc -o conftest  -Wall -g -O2   conftest.c -ldl  >&5
configure:4895: $? = 0
configure:4917: result: none required
configure:5062: creating ./config.status

## ---------------------- ##
## Running config.status. ##
## ---------------------- ##

This file was extended by BCFtools config.status 1.21, which was
generated by GNU Autoconf 2.72.  Invocation command line was

  CONFIG_FILES    = 
  CONFIG_HEADERS  = 
  CONFIG_LINKS    = 
  CONFIG_COMMANDS = 
  $ ./config.status 

on opuntia.rcdc.uh.edu

config.status:804: creating config.mk
config.status:804: creating config.h
configure:6285: === configuring in htslib-1.21 (/project/stuckert/jvnguy45/anolis_fpp/bcftools-1.21/htslib-1.21)
configure:6346: running /bin/sh ./configure --disable-option-checking '--prefix=/project/stuckert/jvnguy45/anolis_fpp/bcftools-1.21'  --cache-file=/dev/null --srcdir=.

## ---------------- ##
## Cache variables. ##
## ---------------- ##

ac_cv_c_compiler_gnu=yes
ac_cv_env_CC_set=
ac_cv_env_CC_value=
ac_cv_env_CFLAGS_set=
ac_cv_env_CFLAGS_value=
ac_cv_env_CPPFLAGS_set=
ac_cv_env_CPPFLAGS_value=
ac_cv_env_LDFLAGS_set=
ac_cv_env_LDFLAGS_value=
ac_cv_env_LIBS_set=
ac_cv_env_LIBS_value=
ac_cv_env_build_alias_set=
ac_cv_env_build_alias_value=
ac_cv_env_host_alias_set=
ac_cv_env_host_alias_value=
ac_cv_env_target_alias_set=
ac_cv_env_target_alias_value=
ac_cv_header_zlib_h=yes
ac_cv_lib_z_inflate=yes
ac_cv_objext=o
ac_cv_path_GREP=/usr/bin/grep
ac_cv_prog_ac_ct_CC=gcc
ac_cv_prog_cc_c11=
ac_cv_prog_cc_g=yes
ac_cv_prog_cc_stdc=
ac_cv_search_dlopen=-ldl
ac_cv_search_regcomp='none required'
ac_cv_sys_largefile_opts='none needed'
ax_cv_htslib=yes
ax_cv_htslib_which=source
hts_cv_prog_cc_warnings=-Wall

## ----------------- ##
## Output variables. ##
## ----------------- ##

CC='gcc'
CC_RDYNAMIC_OPT='-rdynamic'
CFLAGS=' -Wall -g -O2'
CPPFLAGS=''
DEFS='-DHAVE_CONFIG_H'
ECHO_C=''
ECHO_N='-n'
ECHO_T=''
EXEEXT=''
GREP='/usr/bin/grep'
GSL_LIBS=''
HTSDIR='htslib-1.21'
HTSLIB_CPPFLAGS='-Ihtslib-1.21'
HTSLIB_DLL=''
HTSLIB_LDFLAGS='-Lhtslib-1.21'
Hinstall='#'
Hsource=''
LDFLAGS=''
LIBOBJS=''
LIBS='-ldl '
LTLIBOBJS=''
OBJEXT='o'
PACKAGE_BUGREPORT='samtools-help@lists.sourceforge.net'
PACKAGE_NAME='BCFtools'
PACKAGE_STRING='BCFtools 1.21'
PACKAGE_TARNAME='bcftools'
PACKAGE_URL='http://www.htslib.org/'
PACKAGE_VERSION='1.21'
PATH_SEPARATOR=':'
PERL_CCOPTS=''
PERL_LIBS=''
PLATFORM='default'
PLUGIN_EXT='.so'
SHELL='/bin/sh'
USE_GPL=''
ac_ct_CC='gcc'
bcf_plugindir='$(libexecdir)/bcftools'
bcf_pluginpath='$(libexecdir)/bcftools'
bindir='${exec_prefix}/bin'
build_alias=''
datadir='${datarootdir}'
datarootdir='${prefix}/share'
docdir='${datarootdir}/doc/${PACKAGE_TARNAME}'
dvidir='${docdir}'
enable_bcftools_plugins='yes'
enable_perl_filters='no'
exec_prefix='${prefix}'
host_alias='unknown-Linux'
htmldir='${docdir}'
includedir='${prefix}/include'
infodir='${datarootdir}/info'
libdir='${exec_prefix}/lib'
libexecdir='${exec_prefix}/libexec'
localedir='${datarootdir}/locale'
localstatedir='${prefix}/var'
mandir='${datarootdir}/man'
oldincludedir='/usr/include'
pdfdir='${docdir}'
prefix='/project/stuckert/jvnguy45/anolis_fpp/bcftools-1.21'
program_transform_name='s,x,x,'
psdir='${docdir}'
runstatedir='${localstatedir}/run'
sbindir='${exec_prefix}/sbin'
sharedstatedir='${prefix}/com'
subdirs=' htslib-1.21'
sysconfdir='${prefix}/etc'
target_alias=''

## ----------- ##
## confdefs.h. ##
## ----------- ##

/* confdefs.h */
#define PACKAGE_NAME "BCFtools"
#define PACKAGE_TARNAME "bcftools"
#define PACKAGE_VERSION "1.21"
#define PACKAGE_STRING "BCFtools 1.21"
#define PACKAGE_BUGREPORT "samtools-help@lists.sourceforge.net"
#define PACKAGE_URL "http://www.htslib.org/"
#define PLUGIN_EXT ".so"
#define ENABLE_BCF_PLUGINS 1
#define HAVE_LIBZ 1

configure: exit 0
